<?xml version="1.0" encoding="UTF-8"?>
<!-- Generated by org.testng.reporters.JUnitReportReporter -->
<testsuite hostname="DESKTOP-LSAS4P2" failures="1" tests="20" name="automationScripts.A1" time="15.873" errors="0" timestamp="2021-04-13T11:41:48 IST" skipped="19">
  <testcase classname="automationScripts.A1" name="fullName" time="0.000">
    <skipped/>
  </testcase> <!-- fullName -->
  <testcase classname="automationScripts.A1" name="fullName" time="0.000">
    <skipped/>
  </testcase> <!-- fullName -->
  <testcase classname="automationScripts.A1" name="openBrowser" time="15.873">
    <failure message="NOT FOUND THE PAGE TITLE EXCEPTION OCCURS did not expect to find [true] but found [false]" type="java.lang.AssertionError">
      <![CDATA[java.lang.AssertionError: NOT FOUND THE PAGE TITLE EXCEPTION OCCURS did not expect to find [true] but found [false]
at org.testng.Assert.fail(Assert.java:97)
at org.testng.Assert.failNotEquals(Assert.java:969)
at org.testng.Assert.assertTrue(Assert.java:43)
at automationScripts.A1.openBrowser(A1.java:44)
at java.base/jdk.internal.reflect.NativeMethodAccessorImpl.invoke0(Native Method)
at java.base/jdk.internal.reflect.NativeMethodAccessorImpl.invoke(NativeMethodAccessorImpl.java:62)
at java.base/jdk.internal.reflect.DelegatingMethodAccessorImpl.invoke(DelegatingMethodAccessorImpl.java:43)
at java.base/java.lang.reflect.Method.invoke(Method.java:566)
at org.testng.internal.MethodInvocationHelper.invokeMethod(MethodInvocationHelper.java:133)
at org.testng.internal.MethodInvocationHelper.invokeMethodConsideringTimeout(MethodInvocationHelper.java:62)
at org.testng.internal.ConfigInvoker.invokeConfigurationMethod(ConfigInvoker.java:340)
at org.testng.internal.ConfigInvoker.invokeConfigurations(ConfigInvoker.java:294)
at org.testng.TestRunner.invokeTestConfigurations(TestRunner.java:623)
at org.testng.TestRunner.beforeRun(TestRunner.java:613)
at org.testng.TestRunner.run(TestRunner.java:584)
at org.testng.SuiteRunner.runTest(SuiteRunner.java:402)
at org.testng.SuiteRunner.runSequentially(SuiteRunner.java:396)
at org.testng.SuiteRunner.privateRun(SuiteRunner.java:355)
at org.testng.SuiteRunner.run(SuiteRunner.java:304)
at org.testng.SuiteRunnerWorker.runSuite(SuiteRunnerWorker.java:53)
at org.testng.SuiteRunnerWorker.run(SuiteRunnerWorker.java:96)
at org.testng.TestNG.runSuitesSequentially(TestNG.java:1180)
at org.testng.TestNG.runSuitesLocally(TestNG.java:1102)
at org.testng.TestNG.runSuites(TestNG.java:1032)
at org.testng.TestNG.run(TestNG.java:1000)
at org.testng.remote.AbstractRemoteTestNG.run(AbstractRemoteTestNG.java:115)
at org.testng.remote.RemoteTestNG.initAndRun(RemoteTestNG.java:251)
at org.testng.remote.RemoteTestNG.main(RemoteTestNG.java:77)
]]>
    </failure>
  </testcase> <!-- openBrowser -->
  <testcase classname="automationScripts.A1" name="fullName" time="0.000">
    <skipped/>
  </testcase> <!-- fullName -->
  <testcase classname="automationScripts.A1" name="fullName" time="0.000">
    <skipped/>
  </testcase> <!-- fullName -->
  <testcase classname="automationScripts.A1" name="address" time="0.000">
    <skipped/>
  </testcase> <!-- address -->
  <testcase classname="automationScripts.A1" name="address" time="0.000">
    <skipped/>
  </testcase> <!-- address -->
  <testcase classname="automationScripts.A1" name="address" time="0.000">
    <skipped/>
  </testcase> <!-- address -->
  <testcase classname="automationScripts.A1" name="address" time="0.000">
    <skipped/>
  </testcase> <!-- address -->
  <testcase classname="automationScripts.A1" name="email" time="0.000">
    <skipped/>
  </testcase> <!-- email -->
  <testcase classname="automationScripts.A1" name="email" time="0.000">
    <skipped/>
  </testcase> <!-- email -->
  <testcase classname="automationScripts.A1" name="email" time="0.000">
    <skipped/>
  </testcase> <!-- email -->
  <testcase classname="automationScripts.A1" name="email" time="0.000">
    <skipped/>
  </testcase> <!-- email -->
  <testcase classname="automationScripts.A1" name="phone" time="0.000">
    <skipped/>
  </testcase> <!-- phone -->
  <testcase classname="automationScripts.A1" name="phone" time="0.000">
    <skipped/>
  </testcase> <!-- phone -->
  <testcase classname="automationScripts.A1" name="phone" time="0.000">
    <skipped/>
  </testcase> <!-- phone -->
  <testcase classname="automationScripts.A1" name="phone" time="0.000">
    <skipped/>
  </testcase> <!-- phone -->
  <testcase classname="automationScripts.A1" name="pass" time="0.000">
    <skipped/>
  </testcase> <!-- pass -->
  <testcase classname="automationScripts.A1" name="pass" time="0.000">
    <skipped/>
  </testcase> <!-- pass -->
  <testcase classname="automationScripts.A1" name="pass" time="0.000">
    <skipped/>
  </testcase> <!-- pass -->
</testsuite> <!-- automationScripts.A1 -->
